build/app/intermediates/manifest_merge_blame_file/release/manifest-merger-blame-release-report.txt
1<?xml version="1.0" encoding="utf-8"?>
2<manifest xmlns:android="http://schemas.android.com/apk/res/android"
3    package="com.fedehsq.streamify"
4    android:versionCode="1"
5    android:versionName="1.0.0" >
6
7    <uses-sdk
8        android:minSdkVersion="19"
8-->src/main/AndroidManifest.xml
9        android:targetSdkVersion="30" />
9-->src/main/AndroidManifest.xml
10
11    <uses-permission android:name="android.permission.INTERNET" />
11-->src/main/AndroidManifest.xml:3:5-67
11-->src/main/AndroidManifest.xml:3:22-64
12    <uses-permission android:name="android.permission.ACCESS_NETWORK_STATE" />
12-->src/main/AndroidManifest.xml:4:5-79
12-->src/main/AndroidManifest.xml:4:22-76
13
14    <queries>
14-->[:flutter_inappwebview] AndroidManifest.xml:7:5-11:15
15        <intent>
15-->[:flutter_inappwebview] AndroidManifest.xml:8:9-10:18
16            <action android:name="android.support.customtabs.action.CustomTabsService" />
16-->[:flutter_inappwebview] AndroidManifest.xml:9:13-90
16-->[:flutter_inappwebview] AndroidManifest.xml:9:21-87
17        </intent>
18    </queries>
19
20    <application
20-->src/main/AndroidManifest.xml:5:5-43:19
21        android:appComponentFactory="androidx.core.app.CoreComponentFactory"
21-->[androidx.core:core:1.3.0] AndroidManifest.xml:24:18-86
22        android:icon="@mipmap/ic_launcher"
22-->src/main/AndroidManifest.xml:8:9-43
23        android:label="streamify"
23-->src/main/AndroidManifest.xml:7:9-34
24        android:usesCleartextTraffic="true" >
24-->src/main/AndroidManifest.xml:6:9-44
25        <activity
25-->src/main/AndroidManifest.xml:9:9-37:20
26            android:name="com.fedehsq.streamify.MainActivity"
26-->src/main/AndroidManifest.xml:10:13-41
27            android:configChanges="orientation|keyboardHidden|keyboard|screenSize|smallestScreenSize|locale|layoutDirection|fontScale|screenLayout|density|uiMode"
27-->src/main/AndroidManifest.xml:13:13-163
28            android:hardwareAccelerated="true"
28-->src/main/AndroidManifest.xml:14:13-47
29            android:launchMode="singleTop"
29-->src/main/AndroidManifest.xml:11:13-43
30            android:theme="@style/LaunchTheme"
30-->src/main/AndroidManifest.xml:12:13-47
31            android:windowSoftInputMode="adjustResize" >
31-->src/main/AndroidManifest.xml:15:13-55
32
33            <!--
34                 Specifies an Android theme to apply to this Activity as soon as
35                 the Android process has started. This theme is visible to the user
36                 while the Flutter UI initializes. After that, this theme continues
37                 to determine the Window background behind the Flutter UI.
38            -->
39            <meta-data
39-->src/main/AndroidManifest.xml:20:13-23:17
40                android:name="io.flutter.embedding.android.NormalTheme"
40-->src/main/AndroidManifest.xml:21:15-70
41                android:resource="@style/NormalTheme" />
41-->src/main/AndroidManifest.xml:22:15-52
42            <!--
43                 Displays an Android View that continues showing the launch screen
44                 Drawable until Flutter paints its first frame, then this splash
45                 screen fades out. A splash screen is useful to avoid any visual
46                 gap between the end of Android's launch screen and the painting of
47                 Flutter's first frame.
48            -->
49            <meta-data
49-->src/main/AndroidManifest.xml:29:13-32:17
50                android:name="io.flutter.embedding.android.SplashScreenDrawable"
50-->src/main/AndroidManifest.xml:30:15-79
51                android:resource="@drawable/launch_background" />
51-->src/main/AndroidManifest.xml:31:15-61
52
53            <intent-filter>
53-->src/main/AndroidManifest.xml:33:13-36:29
54                <action android:name="android.intent.action.MAIN" />
54-->src/main/AndroidManifest.xml:34:17-68
54-->src/main/AndroidManifest.xml:34:25-66
55
56                <category android:name="android.intent.category.LAUNCHER" />
56-->src/main/AndroidManifest.xml:35:17-76
56-->src/main/AndroidManifest.xml:35:27-74
57            </intent-filter>
58        </activity>
59        <!--
60             Don't delete the meta-data below.
61             This is used by the Flutter tool to generate GeneratedPluginRegistrant.java
62        -->
63        <meta-data
63-->src/main/AndroidManifest.xml:40:9-42:33
64            android:name="flutterEmbedding"
64-->src/main/AndroidManifest.xml:41:13-44
65            android:value="2" />
65-->src/main/AndroidManifest.xml:42:13-30
66
67        <activity
67-->[:flutter_inappwebview] AndroidManifest.xml:14:9-17:47
68            android:name="com.pichillilorenzo.flutter_inappwebview.in_app_browser.InAppBrowserActivity"
68-->[:flutter_inappwebview] AndroidManifest.xml:15:13-104
69            android:configChanges="orientation|keyboardHidden|keyboard|screenSize|locale|layoutDirection|fontScale|screenLayout|density"
69-->[:flutter_inappwebview] AndroidManifest.xml:16:13-137
70            android:theme="@style/AppTheme" />
70-->[:flutter_inappwebview] AndroidManifest.xml:17:13-44
71        <activity
71-->[:flutter_inappwebview] AndroidManifest.xml:18:9-20:55
72            android:name="com.pichillilorenzo.flutter_inappwebview.chrome_custom_tabs.ChromeCustomTabsActivity"
72-->[:flutter_inappwebview] AndroidManifest.xml:19:13-112
73            android:theme="@style/ThemeTransparent" />
73-->[:flutter_inappwebview] AndroidManifest.xml:20:13-52
74
75        <receiver android:name="com.pichillilorenzo.flutter_inappwebview.chrome_custom_tabs.ActionBroadcastReceiver" />
75-->[:flutter_inappwebview] AndroidManifest.xml:22:9-120
75-->[:flutter_inappwebview] AndroidManifest.xml:22:19-117
76
77        <meta-data
77-->[:flutter_inappwebview] AndroidManifest.xml:24:9-26:36
78            android:name="io.flutter.embedded_views_preview"
78-->[:flutter_inappwebview] AndroidManifest.xml:25:13-61
79            android:value="true" />
79-->[:flutter_inappwebview] AndroidManifest.xml:26:13-33
80
81        <provider
81-->[:flutter_webview_plugin] AndroidManifest.xml:9:9-18:20
82            android:name="androidx.core.content.FileProvider"
82-->[:flutter_webview_plugin] AndroidManifest.xml:10:13-62
83            android:authorities="com.fedehsq.streamify.fileprovider"
83-->[:flutter_webview_plugin] AndroidManifest.xml:11:13-64
84            android:exported="false"
84-->[:flutter_webview_plugin] AndroidManifest.xml:12:13-37
85            android:grantUriPermissions="true" >
85-->[:flutter_webview_plugin] AndroidManifest.xml:13:13-47
86            <meta-data
86-->[:flutter_webview_plugin] AndroidManifest.xml:15:13-17:53
87                android:name="android.support.FILE_PROVIDER_PATHS"
87-->[:flutter_webview_plugin] AndroidManifest.xml:16:17-67
88                android:resource="@xml/filepaths" />
88-->[:flutter_webview_plugin] AndroidManifest.xml:17:17-50
89        </provider>
90    </application>
91
92</manifest>